C51 COMPILER V9.59.0.0   KEY                                                               11/29/2024 15:31:50 PAGE 1   


C51 COMPILER V9.59.0.0, COMPILATION OF MODULE KEY
OBJECT MODULE PLACED IN .\Objects\KEY.obj
COMPILER INVOKED BY: e:\qianRuShi\Keil_stm32\C51\BIN\C51.EXE KEY.c OPTIMIZE(8,SPEED) BROWSE DEBUG OBJECTEXTEND PRINT(.\L
                    -istings\KEY.lst) TABS(2) OBJECT(.\Objects\KEY.obj)

line level    source

   1          #include <REGX52.H>
   2          
   3          #include "Delay.h"
   4          
   5          //选数按键1~8
   6          sbit KEY_Player1=P3^0;
   7          sbit KEY_Player2=P3^1;
   8          sbit KEY_Player3=P3^2;
   9          sbit KEY_Player4=P3^3;
  10          sbit KEY_Player5=P3^4;
  11          sbit KEY_Player6=P3^5;
  12          sbit KEY_Player7=P3^6;
  13          sbit KEY_Player8=P3^7;
  14          
  15          sbit KEY_Compere=P2^7;
  16          
  17          unsigned char KEY_Vaule;
  18          
  19          /*******************************************************************************
  20            * @brief  按键键码扫描
  21            * @param 无
  22            * @retval KeyNum返回键码值（未消抖）
  23          *******************************************************************************/
  24          unsigned char Key(){
  25   1        unsigned char KeyNum = 0;
  26   1        
  27   1        if(KEY_Player1 == 0){KeyNum = 1;}
  28   1        if(KEY_Player2 == 0){KeyNum = 2;}
  29   1        if(KEY_Player3 == 0){KeyNum = 3;}
  30   1        if(KEY_Player4 == 0){KeyNum = 4;}
  31   1        if(KEY_Player5 == 0){KeyNum = 5;}
  32   1        if(KEY_Player6 == 0){KeyNum = 6;}
  33   1        if(KEY_Player7 == 0){KeyNum = 7;}
  34   1        if(KEY_Player8 == 0){KeyNum = 8;}
  35   1        if(KEY_Compere == 0){KeyNum = 9;}
  36   1            
  37   1        return KeyNum;
  38   1      }
  39          
  40          /*******************************************************************************
  41            * @brief  用于中断函数中，扫描按键状态
  42            * @param 无
  43            * @retval 无
  44          *******************************************************************************/
  45          void KEY_Time(){
  46   1        static unsigned char latsNum,nowNum;
  47   1        latsNum=nowNum;
  48   1        nowNum=Key();
  49   1        if(latsNum!=0 && nowNum==0){      //检测按键是否抬起
  50   2          KEY_Vaule=latsNum;
  51   2        }
  52   1      }
  53          
  54          /*******************************************************************************
C51 COMPILER V9.59.0.0   KEY                                                               11/29/2024 15:31:50 PAGE 2   

  55            * @brief  放回具体键码值
  56            * @param 无
  57            * @retval temp 具体键码
  58          *******************************************************************************/
  59          unsigned char KEY_GetVaule(){
  60   1        unsigned char temp;
  61   1        temp=KEY_Vaule;
  62   1        KEY_Vaule=0;
  63   1        return temp;
  64   1      }


MODULE INFORMATION:   STATIC OVERLAYABLE
   CODE SIZE        =     72    ----
   CONSTANT SIZE    =   ----    ----
   XDATA SIZE       =   ----    ----
   PDATA SIZE       =   ----    ----
   DATA SIZE        =      3    ----
   IDATA SIZE       =   ----    ----
   BIT SIZE         =   ----    ----
END OF MODULE INFORMATION.


C51 COMPILATION COMPLETE.  0 WARNING(S),  0 ERROR(S)
