C51 COMPILER V9.59.0.0   MAIN                                                              11/29/2024 17:03:59 PAGE 1   


C51 COMPILER V9.59.0.0, COMPILATION OF MODULE MAIN
OBJECT MODULE PLACED IN .\Objects\main.obj
COMPILER INVOKED BY: e:\qianRuShi\Keil_stm32\C51\BIN\C51.EXE main.c OPTIMIZE(8,SPEED) BROWSE DEBUG OBJECTEXTEND PRINT(.\
                    -Listings\main.lst) TABS(2) OBJECT(.\Objects\main.obj)

line level    source

   1          #include <REGX52.H>
   2          
   3          #include "KEY.h"
   4          #include "NixieTube.h"
   5          #include "TIME.h"
   6          #include "BUZZER.h"
   7          
   8          unsigned char KeyNum;
   9          unsigned char Flag=1;   //倒计时标志
  10          unsigned char PlayerFlag=0;     //选手选择标志
  11          unsigned char SecNum=10;
  12          
  13          void Sec(){
  14   1        if(Flag){
  15   2          if(SecNum<=0){
  16   3            Flag=!Flag;
  17   3          }
  18   2          SecNum--;
  19   2        }
  20   1      }
  21          
  22          void main(){
  23   1        TIM0_Init();
  24   1        
  25   1        
  26   1        while(1){
  27   2          KeyNum=KEY_GetVaule();
  28   2          switch(KeyNum){
  29   3            case 1:
  30   3              if(!PlayerFlag){
  31   4                NixeTube_SetBuf(4,1);
  32   4                SecNum=60;
  33   4                PlayerFlag=1;
  34   4                Buzzer_Time(100);
  35   4              }     
  36   3              break;
  37   3            case 2:
  38   3              if(!PlayerFlag){
  39   4                NixeTube_SetBuf(4,2);
  40   4                SecNum=60;
  41   4                PlayerFlag=1;
  42   4                Buzzer_Time(200);
  43   4              } 
  44   3              break;
  45   3            case 3:
  46   3              if(!PlayerFlag){
  47   4                NixeTube_SetBuf(4,3);
  48   4                SecNum=60;
  49   4                PlayerFlag=1;
  50   4                Buzzer_Time(300);
  51   4              } 
  52   3              break;
  53   3            case 4:
  54   3              if(!PlayerFlag){
C51 COMPILER V9.59.0.0   MAIN                                                              11/29/2024 17:03:59 PAGE 2   

  55   4                NixeTube_SetBuf(4,4);
  56   4                SecNum=60;
  57   4                PlayerFlag=1;
  58   4                Buzzer_Time(400);
  59   4              } 
  60   3              break;
  61   3            case 5:
  62   3              if(!PlayerFlag){
  63   4                NixeTube_SetBuf(4,5);
  64   4                SecNum=60;
  65   4                PlayerFlag=1;
  66   4                Buzzer_Time(500);
  67   4              } 
  68   3              break;
  69   3            case 6:
  70   3              if(!PlayerFlag){
  71   4                NixeTube_SetBuf(4,6);
  72   4                SecNum=60;
  73   4                PlayerFlag=1;
  74   4                Buzzer_Time(600);
  75   4              } 
  76   3              break;
  77   3            case 7:
  78   3              if(!PlayerFlag){
  79   4                NixeTube_SetBuf(4,7);
  80   4                SecNum=60;
  81   4                PlayerFlag=1;
  82   4                Buzzer_Time(700);
  83   4              } 
  84   3              break;
  85   3            case 8:
  86   3              if(!PlayerFlag){
  87   4                NixeTube_SetBuf(4,8);
  88   4                SecNum=60;
  89   4                PlayerFlag=1;
  90   4                Buzzer_Time(800);
  91   4              } 
  92   3              break;
  93   3            case 9:             //主持人按钮 清零或者抢答
  94   3              NixeTube_SetBuf(4,0);
  95   3              SecNum=10;
  96   3              PlayerFlag=0;
  97   3              Flag=1;
  98   3              break;
  99   3          }
 100   2      
 101   2          NixeTube_SetBuf(1,SecNum/10);
 102   2          NixeTube_SetBuf(2,SecNum%10);
 103   2      
 104   2          
 105   2          
 106   2        }
 107   1      }
 108          
 109          
 110          void TIM0_Routine() interrupt 1
 111          {
 112   1          static unsigned int T0Key,T0NixeTube,T0Sec;
 113   1          TL0 = 0x18;       
 114   1          TH0 = 0xFC;       
 115   1          T0Key++;
 116   1          T0NixeTube++;
C51 COMPILER V9.59.0.0   MAIN                                                              11/29/2024 17:03:59 PAGE 3   

 117   1          T0Sec++;
 118   1          if(T0Key >= 20)     //20ms 扫描一次按键
 119   1          {
 120   2            T0Key = 0;
 121   2            KEY_Time();
 122   2            
 123   2          }
 124   1          if(T0NixeTube >= 2)     //2ms 扫描一次数码管
 125   1          {
 126   2            T0NixeTube = 0;
 127   2            NixieTube_Time();
 128   2          }
 129   1          if(T0Sec>=1000){
 130   2            T0Sec=0;
 131   2            Sec();
 132   2          }
 133   1      }


MODULE INFORMATION:   STATIC OVERLAYABLE
   CODE SIZE        =    478    ----
   CONSTANT SIZE    =   ----    ----
   XDATA SIZE       =   ----    ----
   PDATA SIZE       =   ----    ----
   DATA SIZE        =     10    ----
   IDATA SIZE       =   ----    ----
   BIT SIZE         =   ----    ----
END OF MODULE INFORMATION.


C51 COMPILATION COMPLETE.  0 WARNING(S),  0 ERROR(S)
